#
# There is insufficient memory for the Java Runtime Environment to continue.
# Native memory allocation (malloc) failed to allocate 1162656 bytes for Chunk::new
# Possible reasons:
#   The system is out of physical RAM or swap space
#   In 32 bit mode, the process size limit was hit
# Possible solutions:
#   Reduce memory load on the system
#   Increase physical memory or swap space
#   Check if swap backing store is full
#   Use 64 bit Java on a 64 bit OS
#   Decrease Java heap size (-Xmx/-Xms)
#   Decrease number of Java threads
#   Decrease Java thread stack sizes (-Xss)
#   Set larger code cache with -XX:ReservedCodeCacheSize=
# This output file may be truncated or incomplete.
#
#  Out of Memory Error (allocation.cpp:390), pid=17480, tid=0x0000000000000228
#
# JRE version: OpenJDK Runtime Environment (8.0_112-b06) (build 1.8.0_112-release-b06)
# Java VM: OpenJDK 64-Bit Server VM (25.112-b06 mixed mode windows-amd64 compressed oops)
# Failed to write core dump. Minidumps are not enabled by default on client versions of Windows
#

---------------  T H R E A D  ---------------

Current thread (0x0000000015be9000):  JavaThread "C2 CompilerThread0" daemon [_thread_in_native, id=552, stack(0x0000000017220000,0x0000000017320000)]

Stack: [0x0000000017220000,0x0000000017320000]
[error occurred during error reporting (printing stack bounds), id 0xc0000005]

Native frames: (J=compiled Java code, j=interpreted, Vv=VM code, C=native code)


Current CompileTask:
C2:4101783 14297       4       com.android.utils.PositionXmlParser::getPositionHelper (757 bytes)


---------------  P R O C E S S  ---------------

Java Threads: ( => current thread )
  0x000000001b790000 JavaThread "pool-8-thread-4" [_thread_blocked, id=15484, stack(0x0000000026a50000,0x0000000026b50000)]
  0x000000001b78f800 JavaThread "pool-8-thread-3" [_thread_blocked, id=18252, stack(0x0000000026950000,0x0000000026a50000)]
  0x000000001b78e800 JavaThread "pool-8-thread-2" [_thread_blocked, id=11496, stack(0x0000000026850000,0x0000000026950000)]
  0x000000001b78e000 JavaThread "pool-8-thread-1" [_thread_blocked, id=1400, stack(0x0000000026750000,0x0000000026850000)]
  0x000000001b78d000 JavaThread "Cache update executor" [_thread_blocked, id=16696, stack(0x0000000026650000,0x0000000026750000)]
  0x000000001b785800 JavaThread "Stdin handler" [_thread_blocked, id=2276, stack(0x0000000026550000,0x0000000026650000)]
  0x000000001b78c800 JavaThread "Asynchronous log dispatcher for DefaultDaemonConnection: socket connection from /127.0.0.1:61518 to /127.0.0.1:51541" [_thread_blocked, id=13360, stack(0x0000000026450000,0x0000000026550000)]
  0x000000001b789800 JavaThread "Cancel handler" [_thread_blocked, id=16652, stack(0x0000000026350000,0x0000000026450000)]
  0x000000001b788000 JavaThread "Handler for socket connection from /127.0.0.1:61518 to /127.0.0.1:51541" [_thread_in_native, id=7388, stack(0x0000000026250000,0x0000000026350000)]
  0x000000001b78b800 JavaThread "Daemon worker Thread 6" [_thread_in_native, id=6108, stack(0x0000000025f50000,0x0000000026050000)]
  0x000000001b784000 JavaThread "Daemon Thread 6" [_thread_blocked, id=13412, stack(0x0000000025c50000,0x0000000025d50000)]
  0x000000001b7bb000 JavaThread "File lock request listener" [_thread_in_native, id=6452, stack(0x000000001c540000,0x000000001c640000)]
  0x00000000185bc800 JavaThread "pool-1-thread-1" [_thread_blocked, id=17736, stack(0x0000000019ea0000,0x0000000019fa0000)]
  0x0000000018b57800 JavaThread "Incoming local TCP Connector on port 61518" [_thread_in_native, id=17988, stack(0x00000000192f0000,0x00000000193f0000)]
  0x0000000015c3e800 JavaThread "Service Thread" daemon [_thread_blocked, id=14888, stack(0x0000000017920000,0x0000000017a20000)]
  0x0000000015bdd000 JavaThread "C1 CompilerThread2" daemon [_thread_blocked, id=18032, stack(0x0000000017420000,0x0000000017520000)]
  0x0000000015bd9800 JavaThread "C2 CompilerThread1" daemon [_thread_blocked, id=15580, stack(0x0000000017320000,0x0000000017420000)]
=>0x0000000015be9000 JavaThread "C2 CompilerThread0" daemon [_thread_in_native, id=552, stack(0x0000000017220000,0x0000000017320000)]
  0x0000000015be6000 JavaThread "Attach Listener" daemon [_thread_blocked, id=6048, stack(0x0000000017120000,0x0000000017220000)]
  0x0000000015be4800 JavaThread "Signal Dispatcher" daemon [_thread_blocked, id=10956, stack(0x0000000017020000,0x0000000017120000)]
  0x000000000226b800 JavaThread "Finalizer" daemon [_thread_blocked, id=13752, stack(0x0000000016e30000,0x0000000016f30000)]
  0x0000000002260800 JavaThread "Reference Handler" daemon [_thread_blocked, id=17056, stack(0x0000000016d30000,0x0000000016e30000)]
  0x0000000002171000 JavaThread "main" [_thread_blocked, id=12760, stack(0x0000000002070000,0x0000000002170000)]

Other Threads:
  0x0000000015ba6000 VMThread [stack: 0x0000000016c30000,0x0000000016d30000] [id=18144]
  0x000000001753e000 WatcherThread [stack: 0x0000000017a20000,0x0000000017b20000] [id=5808]

VM state:not at safepoint (normal execution)

VM Mutex/Monitor currently owned by a thread: None

Heap:
 PSYoungGen      total 275456K, used 54688K [0x00000000e0000000, 0x00000000f6a00000, 0x0000000100000000)
  eden space 252928K, 15% used [0x00000000e0000000,0x00000000e2653a98,0x00000000ef700000)
  from space 22528K, 68% used [0x00000000ef700000,0x00000000f06148f8,0x00000000f0d00000)
  to   space 23040K, 0% used [0x00000000f5380000,0x00000000f5380000,0x00000000f6a00000)
 ParOldGen       total 123904K, used 53213K [0x00000000a0000000, 0x00000000a7900000, 0x00000000e0000000)
  object space 123904K, 42% used [0x00000000a0000000,0x00000000a33f7688,0x00000000a7900000)
 Metaspace       used 68807K, capacity 72800K, committed 73088K, reserved 1112064K
  class space    used 8913K, capacity 9549K, committed 9600K, reserved 1048576K

Card table byte_map: [0x0000000011630000,0x0000000011940000] byte_map_base: 0x0000000011130000

Marking Bits: (ParMarkBitMap*) 0x00000000753618f0
 Begin Bits: [0x0000000011f40000, 0x0000000013740000)
 End Bits:   [0x0000000013740000, 0x0000000014f40000)

Polling page: 0x0000000000830000

CodeCache: size=245760Kb used=42474Kb max_used=42540Kb free=203285Kb
 bounds [0x0000000002270000, 0x0000000004c50000, 0x0000000011270000]
 total_blobs=12509 nmethods=11714 adapters=706
 compilation: enabled

Compilation events (10 events):
Event: 4100.835 Thread 0x0000000015bdd000 nmethod 14298 0x0000000004c361d0 code [0x0000000004c367a0, 0x0000000004c3a6e8]
Event: 4100.879 Thread 0x0000000015bd9800 14299       4       com.google.gson.stream.JsonReader::push (58 bytes)
Event: 4100.880 Thread 0x0000000015bd9800 nmethod 14299 0x0000000002c8f650 code [0x0000000002c8f780, 0x0000000002c8f838]
Event: 4100.881 Thread 0x0000000015bd9800 14300       4       com.google.gson.stream.JsonReader::beginObject (87 bytes)
Event: 4100.883 Thread 0x0000000015bd9800 nmethod 14300 0x000000000253d390 code [0x000000000253d4e0, 0x000000000253d5e8]
Event: 4100.978 Thread 0x0000000015bd9800 14301       4       com.android.ide.common.res2.NodeUtils::updateNamespace (161 bytes)
Event: 4100.979 Thread 0x0000000015bdd000 14302       3       com.google.common.cache.LocalCache$EntryFactory$1::newEntry (12 bytes)
Event: 4100.979 Thread 0x0000000015bdd000 nmethod 14302 0x0000000002d34050 code [0x0000000002d341c0, 0x0000000002d34530]
Event: 4100.980 Thread 0x0000000015bdd000 14303       3       com.google.common.cache.LocalCache$StrongEntry::<init> (27 bytes)
Event: 4100.980 Thread 0x0000000015bdd000 nmethod 14303 0x0000000004bf85d0 code [0x0000000004bf8740, 0x0000000004bf89f0]

GC Heap History (10 events):
Event: 3411.115 GC heap before
{Heap before GC invocations=22 (full 3):
 PSYoungGen      total 163328K, used 152436K [0x00000000e0000000, 0x00000000eb500000, 0x0000000100000000)
  eden space 144384K, 100% used [0x00000000e0000000,0x00000000e8d00000,0x00000000e8d00000)
  from space 18944K, 42% used [0x00000000ea280000,0x00000000eaa5d190,0x00000000eb500000)
  to   space 20480K, 0% used [0x00000000e8d00000,0x00000000e8d00000,0x00000000ea100000)
 ParOldGen       total 123904K, used 41562K [0x00000000a0000000, 0x00000000a7900000, 0x00000000e0000000)
  object space 123904K, 33% used [0x00000000a0000000,0x00000000a28968b0,0x00000000a7900000)
 Metaspace       used 62291K, capacity 64924K, committed 65024K, reserved 1105920K
  class space    used 8204K, capacity 8684K, committed 8704K, reserved 1048576K
Event: 3411.156 GC heap after
Heap after GC invocations=22 (full 3):
 PSYoungGen      total 164864K, used 17193K [0x00000000e0000000, 0x00000000eea00000, 0x0000000100000000)
  eden space 144384K, 0% used [0x00000000e0000000,0x00000000e0000000,0x00000000e8d00000)
  from space 20480K, 83% used [0x00000000e8d00000,0x00000000e9dca6a0,0x00000000ea100000)
  to   space 22016K, 0% used [0x00000000ed480000,0x00000000ed480000,0x00000000eea00000)
 ParOldGen       total 123904K, used 41570K [0x00000000a0000000, 0x00000000a7900000, 0x00000000e0000000)
  object space 123904K, 33% used [0x00000000a0000000,0x00000000a28988b0,0x00000000a7900000)
 Metaspace       used 62291K, capacity 64924K, committed 65024K, reserved 1105920K
  class space    used 8204K, capacity 8684K, committed 8704K, reserved 1048576K
}
Event: 3528.814 GC heap before
{Heap before GC invocations=23 (full 3):
 PSYoungGen      total 164864K, used 161577K [0x00000000e0000000, 0x00000000eea00000, 0x0000000100000000)
  eden space 144384K, 100% used [0x00000000e0000000,0x00000000e8d00000,0x00000000e8d00000)
  from space 20480K, 83% used [0x00000000e8d00000,0x00000000e9dca6a0,0x00000000ea100000)
  to   space 22016K, 0% used [0x00000000ed480000,0x00000000ed480000,0x00000000eea00000)
 ParOldGen       total 123904K, used 41570K [0x00000000a0000000, 0x00000000a7900000, 0x00000000e0000000)
  object space 123904K, 33% used [0x00000000a0000000,0x00000000a28988b0,0x00000000a7900000)
 Metaspace       used 62715K, capacity 65430K, committed 65664K, reserved 1105920K
  class space    used 8237K, capacity 8726K, committed 8832K, reserved 1048576K
Event: 3528.848 GC heap after
Heap after GC invocations=23 (full 3):
 PSYoungGen      total 215552K, used 18894K [0x00000000e0000000, 0x00000000eeb00000, 0x0000000100000000)
  eden space 193536K, 0% used [0x00000000e0000000,0x00000000e0000000,0x00000000ebd00000)
  from space 22016K, 85% used [0x00000000ed480000,0x00000000ee6f3918,0x00000000eea00000)
  to   space 23552K, 0% used [0x00000000ebd00000,0x00000000ebd00000,0x00000000ed400000)
 ParOldGen       total 123904K, used 44287K [0x00000000a0000000, 0x00000000a7900000, 0x00000000e0000000)
  object space 123904K, 35% used [0x00000000a0000000,0x00000000a2b3fd70,0x00000000a7900000)
 Metaspace       used 62715K, capacity 65430K, committed 65664K, reserved 1105920K
  class space    used 8237K, capacity 8726K, committed 8832K, reserved 1048576K
}
Event: 3835.672 GC heap before
{Heap before GC invocations=24 (full 3):
 PSYoungGen      total 215552K, used 212430K [0x00000000e0000000, 0x00000000eeb00000, 0x0000000100000000)
  eden space 193536K, 100% used [0x00000000e0000000,0x00000000ebd00000,0x00000000ebd00000)
  from space 22016K, 85% used [0x00000000ed480000,0x00000000ee6f3918,0x00000000eea00000)
  to   space 23552K, 0% used [0x00000000ebd00000,0x00000000ebd00000,0x00000000ed400000)
 ParOldGen       total 123904K, used 44287K [0x00000000a0000000, 0x00000000a7900000, 0x00000000e0000000)
  object space 123904K, 35% used [0x00000000a0000000,0x00000000a2b3fd70,0x00000000a7900000)
 Metaspace       used 66659K, capacity 69842K, committed 70016K, reserved 1110016K
  class space    used 8725K, capacity 9311K, committed 9344K, reserved 1048576K
Event: 3835.691 GC heap after
Heap after GC invocations=24 (full 3):
 PSYoungGen      total 217088K, used 7698K [0x00000000e0000000, 0x00000000f2880000, 0x0000000100000000)
  eden space 193536K, 0% used [0x00000000e0000000,0x00000000e0000000,0x00000000ebd00000)
  from space 23552K, 32% used [0x00000000ebd00000,0x00000000ec484a48,0x00000000ed400000)
  to   space 23552K, 0% used [0x00000000f1180000,0x00000000f1180000,0x00000000f2880000)
 ParOldGen       total 123904K, used 44931K [0x00000000a0000000, 0x00000000a7900000, 0x00000000e0000000)
  object space 123904K, 36% used [0x00000000a0000000,0x00000000a2be0de0,0x00000000a7900000)
 Metaspace       used 66659K, capacity 69842K, committed 70016K, reserved 1110016K
  class space    used 8725K, capacity 9311K, committed 9344K, reserved 1048576K
}
Event: 4049.834 GC heap before
{Heap before GC invocations=25 (full 3):
 PSYoungGen      total 217088K, used 201234K [0x00000000e0000000, 0x00000000f2880000, 0x0000000100000000)
  eden space 193536K, 100% used [0x00000000e0000000,0x00000000ebd00000,0x00000000ebd00000)
  from space 23552K, 32% used [0x00000000ebd00000,0x00000000ec484a48,0x00000000ed400000)
  to   space 23552K, 0% used [0x00000000f1180000,0x00000000f1180000,0x00000000f2880000)
 ParOldGen       total 123904K, used 44931K [0x00000000a0000000, 0x00000000a7900000, 0x00000000e0000000)
  object space 123904K, 36% used [0x00000000a0000000,0x00000000a2be0de0,0x00000000a7900000)
 Metaspace       used 67637K, capacity 71316K, committed 71424K, reserved 1112064K
  class space    used 8822K, capacity 9419K, committed 9472K, reserved 1048576K
Event: 4049.880 GC heap after
Heap after GC invocations=25 (full 3):
 PSYoungGen      total 270848K, used 8572K [0x00000000e0000000, 0x00000000f2300000, 0x0000000100000000)
  eden space 252928K, 0% used [0x00000000e0000000,0x00000000e0000000,0x00000000ef700000)
  from space 17920K, 47% used [0x00000000f1180000,0x00000000f19df070,0x00000000f2300000)
  to   space 22528K, 0% used [0x00000000ef700000,0x00000000ef700000,0x00000000f0d00000)
 ParOldGen       total 123904K, used 47943K [0x00000000a0000000, 0x00000000a7900000, 0x00000000e0000000)
  object space 123904K, 38% used [0x00000000a0000000,0x00000000a2ed1fd0,0x00000000a7900000)
 Metaspace       used 67637K, capacity 71316K, committed 71424K, reserved 1112064K
  class space    used 8822K, capacity 9419K, committed 9472K, reserved 1048576K
}
Event: 4098.500 GC heap before
{Heap before GC invocations=26 (full 3):
 PSYoungGen      total 270848K, used 261500K [0x00000000e0000000, 0x00000000f2300000, 0x0000000100000000)
  eden space 252928K, 100% used [0x00000000e0000000,0x00000000ef700000,0x00000000ef700000)
  from space 17920K, 47% used [0x00000000f1180000,0x00000000f19df070,0x00000000f2300000)
  to   space 22528K, 0% used [0x00000000ef700000,0x00000000ef700000,0x00000000f0d00000)
 ParOldGen       total 123904K, used 47943K [0x00000000a0000000, 0x00000000a7900000, 0x00000000e0000000)
  object space 123904K, 38% used [0x00000000a0000000,0x00000000a2ed1fd0,0x00000000a7900000)
 Metaspace       used 68748K, capacity 72736K, committed 72832K, reserved 1112064K
  class space    used 8912K, capacity 9549K, committed 9600K, reserved 1048576K
Event: 4098.531 GC heap after
Heap after GC invocations=26 (full 3):
 PSYoungGen      total 275456K, used 15442K [0x00000000e0000000, 0x00000000f6a00000, 0x0000000100000000)
  eden space 252928K, 0% used [0x00000000e0000000,0x00000000e0000000,0x00000000ef700000)
  from space 22528K, 68% used [0x00000000ef700000,0x00000000f06148f8,0x00000000f0d00000)
  to   space 23040K, 0% used [0x00000000f5380000,0x00000000f5380000,0x00000000f6a00000)
 ParOldGen       total 123904K, used 53213K [0x00000000a0000000, 0x00000000a7900000, 0x00000000e0000000)
  object space 123904K, 42% used [0x00000000a0000000,0x00000000a33f7688,0x00000000a7900000)
 Metaspace       used 68748K, capacity 72736K, committed 72832K, reserved 1112064K
  class space    used 8912K, capacity 9549K, committed 9600K, reserved 1048576K
}

Deoptimization events (10 events):
Event: 4068.782 Thread 0x000000001b78b800 Uncommon trap: reason=class_check action=maybe_recompile pc=0x0000000002a60eb8 method=java.util.zip.InflaterInputStream.read([BII)I @ 100
Event: 4068.783 Thread 0x000000001b78b800 Uncommon trap: reason=class_check action=maybe_recompile pc=0x0000000002a60eb8 method=java.util.zip.InflaterInputStream.read([BII)I @ 100
Event: 4068.783 Thread 0x000000001b78b800 Uncommon trap: reason=class_check action=maybe_recompile pc=0x0000000002a60eb8 method=java.util.zip.InflaterInputStream.read([BII)I @ 100
Event: 4068.785 Thread 0x000000001b78b800 Uncommon trap: reason=unstable_if action=reinterpret pc=0x0000000002a9eb80 method=org.gradle.api.internal.file.pattern.FixedStepsPathMatcher.matches([Ljava/lang/String;I)Z @ 70
Event: 4097.405 Thread 0x000000001b78b800 Uncommon trap: reason=null_check action=make_not_entrant pc=0x0000000004b708d4 method=com.sun.org.apache.xerces.internal.dom.NamedNodeMapImpl.findNamePoint(Ljava/lang/String;Ljava/lang/String;)I @ 76
Event: 4099.184 Thread 0x000000001b78b800 Uncommon trap: reason=null_check action=make_not_entrant pc=0x0000000004b72d04 method=com.sun.org.apache.xerces.internal.dom.NamedNodeMapImpl.findNamePoint(Ljava/lang/String;Ljava/lang/String;)I @ 105
Event: 4099.547 Thread 0x000000001b78b800 Uncommon trap: reason=class_check action=maybe_recompile pc=0x0000000004b95994 method=com.sun.org.apache.xerces.internal.dom.AttrImpl.getOwnerElement()Lorg/w3c/dom/Element; @ 18
Event: 4099.547 Thread 0x000000001b78b800 Uncommon trap: reason=class_check action=maybe_recompile pc=0x0000000004b95994 method=com.sun.org.apache.xerces.internal.dom.AttrImpl.getOwnerElement()Lorg/w3c/dom/Element; @ 18
Event: 4099.597 Thread 0x000000001b78b800 Uncommon trap: reason=unstable_if action=reinterpret pc=0x0000000003ecaf98 method=com.android.ide.common.res2.NodeUtils.processSingleNodeNamespace(Lorg/w3c/dom/Node;Lorg/w3c/dom/Document;)Z @ 24
Event: 4099.597 Thread 0x000000001b78b800 Uncommon trap: reason=unstable_if action=reinterpret pc=0x0000000003e765d4 method=com.android.ide.common.res2.NodeUtils.processSingleNodeNamespace(Lorg/w3c/dom/Node;Lorg/w3c/dom/Document;)Z @ 24

Internal exceptions (10 events):
Event: 4065.157 Thread 0x000000001b78b800 Exception <a 'sun/nio/fs/WindowsException'> (0x00000000e7225f98) thrown at [C:\src\android\AOSP-openjdk\external\jetbrains\jdk\hotspot\src\share\vm\prims\jni.cpp, line 709]
Event: 4065.157 Thread 0x000000001b78b800 Exception <a 'sun/nio/fs/WindowsException'> (0x00000000e7226be0) thrown at [C:\src\android\AOSP-openjdk\external\jetbrains\jdk\hotspot\src\share\vm\prims\jni.cpp, line 709]
Event: 4065.158 Thread 0x000000001b78b800 Exception <a 'sun/nio/fs/WindowsException'> (0x00000000e7228870) thrown at [C:\src\android\AOSP-openjdk\external\jetbrains\jdk\hotspot\src\share\vm\prims\jni.cpp, line 709]
Event: 4065.158 Thread 0x000000001b78b800 Exception <a 'sun/nio/fs/WindowsException'> (0x00000000e72294f0) thrown at [C:\src\android\AOSP-openjdk\external\jetbrains\jdk\hotspot\src\share\vm\prims\jni.cpp, line 709]
Event: 4068.545 Thread 0x000000001b78b800 Exception <a 'java/lang/ClassNotFoundException': com/android/build/gradle/internal/LibraryCache$1BeanInfo> (0x00000000e906d940) thrown at [C:\src\android\AOSP-openjdk\external\jetbrains\jdk\hotspot\src\share\vm\classfile\systemDictionary.cpp, line 210]
Event: 4068.545 Thread 0x000000001b78b800 Exception <a 'java/lang/ClassNotFoundException': com/android/build/gradle/internal/LibraryCache$1Customizer> (0x00000000e907eb60) thrown at [C:\src\android\AOSP-openjdk\external\jetbrains\jdk\hotspot\src\share\vm\classfile\systemDictionary.cpp, line 210]
Event: 4068.581 Thread 0x000000001b78b800 Exception <a 'java/lang/ClassNotFoundException': com/android/build/gradle/internal/LibraryCacheBeanInfo> (0x00000000e90d7448) thrown at [C:\src\android\AOSP-openjdk\external\jetbrains\jdk\hotspot\src\share\vm\classfile\systemDictionary.cpp, line 210]
Event: 4068.581 Thread 0x000000001b78b800 Exception <a 'java/lang/ClassNotFoundException': com/android/build/gradle/internal/LibraryCacheCustomizer> (0x00000000e90e89a8) thrown at [C:\src\android\AOSP-openjdk\external\jetbrains\jdk\hotspot\src\share\vm\classfile\systemDictionary.cpp, line 210]
Event: 4097.405 Thread 0x000000001b78b800 Implicit null exception at 0x0000000004b6fd2f to 0x0000000004b708b5
Event: 4099.183 Thread 0x000000001b78b800 Implicit null exception at 0x0000000004b7225b to 0x0000000004b72ce1

Events (10 events):
Event: 4100.980 Thread 0x0000000015bdd000 flushing nmethod 0x0000000003397ed0
Event: 4100.980 Thread 0x0000000015bdd000 flushing nmethod 0x00000000033a16d0
Event: 4100.980 Thread 0x0000000015bdd000 flushing nmethod 0x00000000033a6490
Event: 4100.980 Thread 0x0000000015bdd000 flushing nmethod 0x00000000033b2e90
Event: 4100.980 Thread 0x0000000015bdd000 flushing nmethod 0x00000000033b49d0
Event: 4100.980 Thread 0x0000000015bdd000 flushing nmethod 0x00000000033bce50
Event: 4100.980 Thread 0x0000000015bdd000 flushing nmethod 0x00000000033ff790
Event: 4100.981 Thread 0x0000000015bdd000 flushing nmethod 0x0000000003442250
Event: 4100.981 Thread 0x0000000015bdd000 flushing nmethod 0x00000000034cf750
Event: 4100.981 Thread 0x0000000015bdd000 flushing nmethod 0x0000000003572710


Dynamic libraries:
0x00007ff67d3c0000 - 0x00007ff67d3f1000 	C:\Program Files\Android\Android Studio\jre\bin\java.exe
0x00007ffde7a10000 - 0x00007ffde7be2000 	C:\windows\SYSTEM32\ntdll.dll
0x00007ffde74a0000 - 0x00007ffde754c000 	C:\windows\System32\KERNEL32.DLL
0x00007ffdcece0000 - 0x00007ffdced13000 	C:\Program Files\AVAST Software\Avast\x64\aswhooka.dll
0x00007ffde4ce0000 - 0x00007ffde4efd000 	C:\windows\System32\KERNELBASE.dll
0x00007ffde5300000 - 0x00007ffde53a2000 	C:\windows\System32\ADVAPI32.dll
0x00007ffde5140000 - 0x00007ffde51de000 	C:\windows\System32\msvcrt.dll
0x00007ffde7810000 - 0x00007ffde7869000 	C:\windows\System32\sechost.dll
0x00007ffde7550000 - 0x00007ffde7671000 	C:\windows\System32\RPCRT4.dll
0x00007ffde7680000 - 0x00007ffde77e5000 	C:\windows\System32\USER32.dll
0x00007ffde4230000 - 0x00007ffde424e000 	C:\windows\System32\win32u.dll
0x00007ffde5100000 - 0x00007ffde5134000 	C:\windows\System32\GDI32.dll
0x00007ffde4990000 - 0x00007ffde4b10000 	C:\windows\System32\gdi32full.dll
0x00007ffdd9580000 - 0x00007ffdd97fa000 	C:\windows\WinSxS\amd64_microsoft.windows.common-controls_6595b64144ccf1df_6.0.14393.953_none_42151e83c686086b\COMCTL32.dll
0x00007ffde6c00000 - 0x00007ffde6ec8000 	C:\windows\System32\combase.dll
0x00007ffde4130000 - 0x00007ffde4225000 	C:\windows\System32\ucrtbase.dll
0x00007ffde4bc0000 - 0x00007ffde4c2a000 	C:\windows\System32\bcryptPrimitives.dll
0x00007ffde69c0000 - 0x00007ffde69ee000 	C:\windows\System32\IMM32.DLL
0x00000000756e0000 - 0x00000000757b2000 	C:\Program Files\Android\Android Studio\jre\jre\bin\msvcr100.dll
0x0000000074ba0000 - 0x00000000753dc000 	C:\Program Files\Android\Android Studio\jre\jre\bin\server\jvm.dll
0x00007ffde69f0000 - 0x00007ffde69f8000 	C:\windows\System32\PSAPI.DLL
0x00007ffdd22f0000 - 0x00007ffdd22f9000 	C:\windows\SYSTEM32\WSOCK32.dll
0x00007ffde6a00000 - 0x00007ffde6a6a000 	C:\windows\System32\WS2_32.dll
0x00007ffde23e0000 - 0x00007ffde2403000 	C:\windows\SYSTEM32\WINMM.dll
0x00007ffdd70d0000 - 0x00007ffdd70da000 	C:\windows\SYSTEM32\VERSION.dll
0x00007ffde23b0000 - 0x00007ffde23db000 	C:\windows\SYSTEM32\WINMMBASE.dll
0x00007ffde3f10000 - 0x00007ffde3f52000 	C:\windows\System32\cfgmgr32.dll
0x00007ffdd7350000 - 0x00007ffdd735f000 	C:\Program Files\Android\Android Studio\jre\jre\bin\verify.dll
0x00007ffdcf630000 - 0x00007ffdcf659000 	C:\Program Files\Android\Android Studio\jre\jre\bin\java.dll
0x00007ffdd4d80000 - 0x00007ffdd4d96000 	C:\Program Files\Android\Android Studio\jre\jre\bin\zip.dll
0x00007ffde54b0000 - 0x00007ffde69b9000 	C:\windows\System32\SHELL32.dll
0x00007ffde4250000 - 0x00007ffde4929000 	C:\windows\System32\windows.storage.dll
0x00007ffde3e90000 - 0x00007ffde3edc000 	C:\windows\System32\powrprof.dll
0x00007ffde52a0000 - 0x00007ffde52f2000 	C:\windows\System32\shlwapi.dll
0x00007ffde3ee0000 - 0x00007ffde3eef000 	C:\windows\System32\kernel.appcore.dll
0x00007ffde4b10000 - 0x00007ffde4bb9000 	C:\windows\System32\shcore.dll
0x00007ffde3ef0000 - 0x00007ffde3f04000 	C:\windows\System32\profapi.dll
0x00007ffdd4b10000 - 0x00007ffdd4b2a000 	C:\Program Files\Android\Android Studio\jre\jre\bin\net.dll
0x00007ffde3750000 - 0x00007ffde37ac000 	C:\windows\system32\mswsock.dll
0x00007ffdd4120000 - 0x00007ffdd4131000 	C:\Program Files\Android\Android Studio\jre\jre\bin\nio.dll
0x00007ffdd4ee0000 - 0x00007ffdd4efe000 	C:\Users\ori\.gradle\native\23\windows-amd64\native-platform.dll
0x00007ffde38f0000 - 0x00007ffde3907000 	C:\windows\SYSTEM32\CRYPTSP.dll
0x00007ffde3350000 - 0x00007ffde3383000 	C:\windows\system32\rsaenh.dll
0x00007ffde3dc0000 - 0x00007ffde3deb000 	C:\windows\SYSTEM32\bcrypt.dll
0x00007ffde35d0000 - 0x00007ffde35ef000 	C:\windows\SYSTEM32\USERENV.dll
0x00007ffde3910000 - 0x00007ffde391b000 	C:\windows\SYSTEM32\CRYPTBASE.dll
0x00007ffde34d0000 - 0x00007ffde3508000 	C:\windows\SYSTEM32\IPHLPAPI.DLL
0x00007ffde77f0000 - 0x00007ffde77f8000 	C:\windows\System32\NSI.dll
0x00007ffddb8f0000 - 0x00007ffddb906000 	C:\windows\SYSTEM32\dhcpcsvc6.DLL
0x00007ffddbc60000 - 0x00007ffddbc7a000 	C:\windows\SYSTEM32\dhcpcsvc.DLL
0x00007ffdd70f0000 - 0x00007ffdd70fd000 	C:\Program Files\Android\Android Studio\jre\jre\bin\management.dll
0x00007ffdd5a30000 - 0x00007ffdd5a54000 	C:\Program Files\Android\Android Studio\jre\jre\bin\sunec.dll
0x00007ffde3520000 - 0x00007ffde35c1000 	C:\windows\SYSTEM32\DNSAPI.dll
0x0000000077180000 - 0x00000000771a6000 	C:\Program Files\Bonjour\mdnsNSP.dll
0x00007ffdd23d0000 - 0x00007ffdd23da000 	C:\Windows\System32\rasadhlp.dll
0x00007ffdd6920000 - 0x00007ffdd698a000 	C:\windows\System32\fwpuclnt.dll
0x00007ffdd9440000 - 0x00007ffdd944b000 	C:\Program Files\Android\Android Studio\jre\jre\bin\sunmscapi.dll
0x00007ffde3f60000 - 0x00007ffde4129000 	C:\windows\System32\CRYPT32.dll
0x00007ffde3e80000 - 0x00007ffde3e90000 	C:\windows\System32\MSASN1.dll

VM Arguments:
jvm_args: -Xmx1536m -Dfile.encoding=windows-1252 -Duser.country=CA -Duser.language=en -Duser.variant 
java_command: org.gradle.launcher.daemon.bootstrap.GradleDaemon 3.3
java_class_path (initial): C:\Users\ori\.gradle\wrapper\dists\gradle-3.3-all\55gk2rcmfc6p2dg9u9ohc3hw9\gradle-3.3\lib\gradle-launcher-3.3.jar
Launcher Type: SUN_STANDARD

Environment Variables:
JAVA_HOME=C:\Program Files\Java\jdk1.8.0_25
PATH=C:\ProgramData\Oracle\Java\javapath;C:\Program Files (x86)\Intel\iCLS Client\;C:\Program Files\Intel\iCLS Client\;C:\windows\system32;C:\windows;C:\windows\System32\Wbem;C:\windows\System32\WindowsPowerShell\v1.0\;C:\Program Files (x86)\Intel\Intel(R) Management Engine Components\DAL;C:\Program Files\Intel\Intel(R) Management Engine Components\DAL;C:\Program Files (x86)\Intel\Intel(R) Management Engine Components\IPT;C:\Program Files\Intel\Intel(R) Management Engine Components\IPT;C:\Program Files\Java\jdk1.8.0_25\bin;C:\Program Files\apache-maven-3.5.0-bin\apache-maven-3.5.0\bin;C:\Program Files (x86)\Common Files\lenovo\easyplussdk\bin;C:\Program Files (x86)\AOMEI Backupper;C:\Program Files\Microsoft SQL Server\130\Tools\Binn\;C:\Program Files\dotnet\;C:\Program Files\nodejs\;C:\Program Files\Intel\WiFi\bin\;C:\Program Files\Common Files\Intel\WirelessCommon\;C:\Program Files\Git\cmd;C:\Program Files\MongoDB\Server\3.6\bin;C:\altera\13.0sp1\modelsim_ase\win32aloem
USERNAME=ori
OS=Windows_NT
PROCESSOR_IDENTIFIER=Intel64 Family 6 Model 142 Stepping 9, GenuineIntel



---------------  S Y S T E M  ---------------

OS: Windows 10.0 , 64 bit Build 14393 (10.0.14393.1198)

CPU:total 4 (2 cores per cpu, 2 threads per core) family 6 model 142 stepping 9, cmov, cx8, fxsr, mmx, sse, sse2, sse3, ssse3, sse4.1, sse4.2, popcnt, avx, avx2, aes, clmul, erms, 3dnowpref, lzcnt, ht, tsc, tscinvbit, bmi1, bmi2, adx

Memory: 4k page, physical 8302500k(954456k free), swap 8302500k(4808k free)

vm_info: OpenJDK 64-Bit Server VM (25.112-b06) for windows-amd64 JRE (1.8.0_112-release-b06), built on Dec  8 2016 00:54:26 by "builder" with MS VC++ 10.0 (VS2010)

time: Fri Jun 22 12:03:06 2018
elapsed time: 4101 seconds (0d 1h 8m 21s)

